{"/home/rizalyoga/Publik/2025/FE_learn/vitest-react-testing-library-cc/src/components/CommentBox.tsx": {"path":"/home/rizalyoga/Publik/2025/FE_learn/vitest-react-testing-library-cc/src/components/CommentBox.tsx","statementMap":{"0":{"start":{"line":8,"column":22},"end":{"line":8,"column":null}},"1":{"start":{"line":10,"column":23},"end":{"line":16,"column":null}},"2":{"start":{"line":11,"column":4},"end":{"line":11,"column":null}},"3":{"start":{"line":12,"column":4},"end":{"line":15,"column":null}},"4":{"start":{"line":13,"column":6},"end":{"line":13,"column":null}},"5":{"start":{"line":14,"column":6},"end":{"line":14,"column":null}},"6":{"start":{"line":18,"column":2},"end":{"line":37,"column":null}},"7":{"start":{"line":26,"column":25},"end":{"line":26,"column":null}}},"fnMap":{"0":{"name":"CommentBox","decl":{"start":{"line":7,"column":9},"end":{"line":7,"column":20}},"loc":{"start":{"line":7,"column":55},"end":{"line":39,"column":null}},"line":7},"1":{"name":"(anonymous_1)","decl":{"start":{"line":10,"column":23},"end":{"line":10,"column":24}},"loc":{"start":{"line":10,"column":47},"end":{"line":16,"column":null}},"line":10},"2":{"name":"(anonymous_2)","decl":{"start":{"line":26,"column":18},"end":{"line":26,"column":19}},"loc":{"start":{"line":26,"column":25},"end":{"line":26,"column":null}},"line":26}},"branchMap":{"0":{"loc":{"start":{"line":12,"column":4},"end":{"line":15,"column":null}},"type":"if","locations":[{"start":{"line":12,"column":4},"end":{"line":15,"column":null}},{"start":{},"end":{}}],"line":12}},"s":{"0":1,"1":1,"2":0,"3":0,"4":0,"5":0,"6":1,"7":0},"f":{"0":1,"1":0,"2":0},"b":{"0":[0,0]},"meta":{"lastBranch":1,"lastFunction":3,"lastStatement":8,"seen":{"f:7:9:7:20":0,"s:8:22:8:Infinity":0,"s:10:23:16:Infinity":1,"f:10:23:10:24":1,"s:11:4:11:Infinity":2,"b:12:4:15:Infinity:undefined:undefined:undefined:undefined":0,"s:12:4:15:Infinity":3,"s:13:6:13:Infinity":4,"s:14:6:14:Infinity":5,"s:18:2:37:Infinity":6,"f:26:18:26:19":2,"s:26:25:26:Infinity":7}}}
}
